
**** Build of configuration Release for project uart_demo ****

"C:\\ti\\ccsv7\\utils\\bin\\gmake" -k all 
'Building file: ../main.c'
'Invoking: ARM Compiler'
"C:/ti/ccsv7/tools/compiler/ti-cgt-arm_16.9.0.LTS/bin/armcl" -mv7M4 --code_state=16 --float_support=fpalib --abi=eabi -me -Ooff --include_path="C:/ti/ccsv7/tools/compiler/ti-cgt-arm_16.9.0.LTS/include" --include_path="C:/ti/CC3200SDK_1.2.0/cc3200-sdk/driverlib/" --include_path="C:/ti/CC3200SDK_1.2.0/cc3200-sdk/inc/" --include_path="C:/ti/CC3200SDK_1.2.0/cc3200-sdk/example/common" -g --gcc --define=ccs --define=cc3200 --diag_wrap=off --diag_warning=225 --display_error_number --printf_support=full --preproc_with_compile --preproc_dependency="main.d"  "../main.c"
"..\Adafruit_SSD1351.h", line 36: warning #303-D: typedef name has already been declared (with same type)
"..\Adafruit_SSD1351.h", line 37: warning #303-D: typedef name has already been declared (with same type)
"..\test.h", line 251: warning #1-D: last line of file ends without a newline
"../main.c", line 355: warning #112-D: statement is unreachable
"../main.c", line 405: warning #225-D: function "strlen" declared implicitly
"../main.c", line 419: warning #552-D: variable "ulStatus" was set but never used
"../main.c", line 445: warning #552-D: variable "ulStatus" was set but never used
"../main.c", line 505: warning #169-D: argument of type "char *" is incompatible with parameter of type "unsigned char"
"../main.c", line 115: warning #179-D: variable "ir_input" was declared but never referenced
'Finished building: ../main.c'
' '
'Building target: uart_demo.out'
'Invoking: ARM Linker'
"C:/ti/ccsv7/tools/compiler/ti-cgt-arm_16.9.0.LTS/bin/armcl" -mv7M4 --code_state=16 --float_support=fpalib --abi=eabi -me -Ooff -g --gcc --define=ccs --define=cc3200 --diag_wrap=off --diag_warning=225 --display_error_number --printf_support=full -z -m"uart_demo.map" --heap_size=0x800 --stack_size=0x100 -i"C:/ti/ccsv7/tools/compiler/ti-cgt-arm_16.9.0.LTS/lib" -i"C:/ti/ccsv7/tools/compiler/ti-cgt-arm_16.9.0.LTS/include" --reread_libs --display_error_number --diag_wrap=off --warn_sections --xml_link_info="uart_demo_linkInfo.xml" --rom_model -o "uart_demo.out" "./Adafruit_GFX.obj" "./Adafruit_OLED.obj" "./main.obj" "./pin_mux_config.obj" "./startup_ccs.obj" "./timer_if.obj" "./uart_if.obj" "../cc3200v1p32.cmd"  -llibc.a -l"C:/ti/CC3200SDK_1.2.0/cc3200-sdk/driverlib/ccs/Release/driverlib.a" 
<Linking>
'Finished building target: uart_demo.out'
' '
"C:/ti/ccsv7/utils/tiobj2bin/tiobj2bin" "uart_demo.out" "uart_demo.bin" "C:/ti/ccsv7/tools/compiler/ti-cgt-arm_16.9.0.LTS/bin/armofd" "C:/ti/ccsv7/tools/compiler/ti-cgt-arm_16.9.0.LTS/bin/armhex" "C:/ti/ccsv7/utils/tiobj2bin/mkhex4bin"
' '

**** Build Finished ****
